$ httrack

Welcome to HTTrack Website Copier (Offline Browser) 3.48-21
Copyright (C) 1998-2015 Xavier Roche and other contributors
To see the option list, enter a blank line or try httrack --help

Enter project name :thingdom-archive

Base path (return=/Users/aseemk/websites/) :/Users/aseemk/Projects/Thingdom/

Enter URLs (separated by commas or blank spaces) :www.thethingdom.com

Action:
(enter)	1	Mirror Web Site(s)
	2	Mirror Web Site(s) with Wizard
	3	Just Get Files Indicated
	4	Mirror ALL links in URLs (Multiple Mirror)
	5	Test Links In URLs (Bookmark Test)
	0	Quit
: 2

Proxy (return=none) :

You can define wildcards, like: -*.gif +www.*.com/*.zip -*img_*.zip
Wildcards (return=none) :

You can define additional options, such as recurse level (-r<number>), separed by blank spaces
To see the option list, type help
Additional options (return=none) :

---> Wizard command line: httrack www.thethingdom.com -W -O "/Users/aseemk/Projects/Thingdom/thingdom-archive"  -%v

Ready to launch the mirror? (Y/n) :Y

Mirror launched on Thu, 24 Nov 2016 01:30:18 by HTTrack Website Copier/3.48-21 [XR&CO'2014]
mirroring www.thethingdom.com with the wizard help..
